  Application.cpp
  Main.cpp
  ModuleAudio.cpp
  ModuleFonts.cpp
  ModuleInput.cpp
  ModulePhysics.cpp
B:\GITHUB\PinballBox2D\ModulePhysics.cpp(88,8): warning C4244: 'inicializando': conversión de 'float' a 'int'; posible pérdida de datos
B:\GITHUB\PinballBox2D\ModulePhysics.cpp(248,23): warning C4244: '=': conversión de 'float' a 'int'; posible pérdida de datos
B:\GITHUB\PinballBox2D\ModulePhysics.cpp(249,25): warning C4244: '=': conversión de 'float' a 'int'; posible pérdida de datos
B:\GITHUB\PinballBox2D\ModulePhysics.cpp(292,20): warning C4018: '<': no coinciden signed/unsigned
B:\GITHUB\PinballBox2D\ModulePhysics.cpp(413,39): warning C4244: '=': conversión de 'int' a 'float32'; posible pérdida de datos
B:\GITHUB\PinballBox2D\ModulePhysics.cpp(414,39): warning C4244: '=': conversión de 'int' a 'float32'; posible pérdida de datos
B:\GITHUB\PinballBox2D\ModulePhysics.cpp(416,50): warning C4244: 'argumento': conversión de 'float32' a 'int'; posible pérdida de datos
B:\GITHUB\PinballBox2D\ModulePhysics.cpp(416,39): warning C4244: 'argumento': conversión de 'float32' a 'int'; posible pérdida de datos
B:\GITHUB\PinballBox2D\ModulePhysics.cpp(533,13): warning C4244: 'inicializando': conversión de 'int' a 'float'; posible pérdida de datos
B:\GITHUB\PinballBox2D\ModulePhysics.cpp(534,13): warning C4244: 'inicializando': conversión de 'int' a 'float'; posible pérdida de datos
B:\GITHUB\PinballBox2D\ModulePhysics.cpp(540,27): warning C4244: 'return': conversión de 'float32' a 'int'; posible pérdida de datos
  ModulePlayer.cpp
  ModuleRender.cpp
  ModuleSceneIntro.cpp
B:\GITHUB\PinballBox2D\ModuleSceneIntro.cpp(332,45): warning C4244: 'argumento': conversión de 'TYPE' a 'TYPE'; posible pérdida de datos
          with
          [
              TYPE=int
          ]
          and
          [
              TYPE=float
          ]
B:\GITHUB\PinballBox2D\ModuleSceneIntro.cpp(332,30): warning C4244: 'argumento': conversión de 'TYPE' a 'TYPE'; posible pérdida de datos
          with
          [
              TYPE=int
          ]
          and
          [
              TYPE=float
          ]
B:\GITHUB\PinballBox2D\ModuleSceneIntro.cpp(334,18): warning C4244: 'argumento': conversión de 'int' a 'float'; posible pérdida de datos
B:\GITHUB\PinballBox2D\ModuleSceneIntro.cpp(337,71): warning C4244: 'argumento': conversión de 'TYPE' a 'int'; posible pérdida de datos
          with
          [
              TYPE=float
          ]
B:\GITHUB\PinballBox2D\ModuleSceneIntro.cpp(337,48): warning C4244: 'argumento': conversión de 'TYPE' a 'int'; posible pérdida de datos
          with
          [
              TYPE=float
          ]
B:\GITHUB\PinballBox2D\ModuleSceneIntro.cpp(342,138): warning C4244: 'argumento': conversión de 'TYPE' a 'int'; posible pérdida de datos
          with
          [
              TYPE=float
          ]
B:\GITHUB\PinballBox2D\ModuleSceneIntro.cpp(342,96): warning C4244: 'argumento': conversión de 'TYPE' a 'int'; posible pérdida de datos
          with
          [
              TYPE=float
          ]
B:\GITHUB\PinballBox2D\ModuleSceneIntro.cpp(342,57): warning C4244: 'argumento': conversión de 'TYPE' a 'int'; posible pérdida de datos
          with
          [
              TYPE=float
          ]
B:\GITHUB\PinballBox2D\ModuleSceneIntro.cpp(342,34): warning C4244: 'argumento': conversión de 'TYPE' a 'int'; posible pérdida de datos
          with
          [
              TYPE=float
          ]
B:\GITHUB\PinballBox2D\ModuleSceneIntro.cpp(350,9): warning C4101: 'y': variable local sin referencia
B:\GITHUB\PinballBox2D\ModuleSceneIntro.cpp(350,6): warning C4101: 'x': variable local sin referencia
  ModuleTextures.cpp
  ModuleWindow.cpp
  log.cpp
  Generando código...
  LINK : no se encontró B:\GITHUB\PinballBox2D\Debug\2D Physics - class 4.exe o no lo generó el último vínculo incremental; ejecutando vínculo completo
  SDL Game.vcxproj -> B:\GITHUB\PinballBox2D\Debug\2D Physics - class 4.exe
