  Application.cpp
  ModulePhysics.cpp
C:\Users\adria\OneDrive\Escritorio\Handout 4\ModulePhysics.cpp(40,8): warning C4244: 'inicializando': conversión de 'float' a 'int'; posible pérdida de datos
C:\Users\adria\OneDrive\Escritorio\Handout 4\ModulePhysics.cpp(121,23): warning C4244: '=': conversión de 'float' a 'int'; posible pérdida de datos
C:\Users\adria\OneDrive\Escritorio\Handout 4\ModulePhysics.cpp(122,25): warning C4244: '=': conversión de 'float' a 'int'; posible pérdida de datos
C:\Users\adria\OneDrive\Escritorio\Handout 4\ModulePhysics.cpp(165,20): warning C4018: '<': no coinciden signed/unsigned
C:\Users\adria\OneDrive\Escritorio\Handout 4\ModulePhysics.cpp(274,39): warning C4244: '=': conversión de 'int' a 'float32'; posible pérdida de datos
C:\Users\adria\OneDrive\Escritorio\Handout 4\ModulePhysics.cpp(275,39): warning C4244: '=': conversión de 'int' a 'float32'; posible pérdida de datos
C:\Users\adria\OneDrive\Escritorio\Handout 4\ModulePhysics.cpp(277,50): warning C4244: 'argumento': conversión de 'float32' a 'int'; posible pérdida de datos
C:\Users\adria\OneDrive\Escritorio\Handout 4\ModulePhysics.cpp(277,39): warning C4244: 'argumento': conversión de 'float32' a 'int'; posible pérdida de datos
C:\Users\adria\OneDrive\Escritorio\Handout 4\ModulePhysics.cpp(391,13): warning C4244: 'inicializando': conversión de 'int' a 'float'; posible pérdida de datos
C:\Users\adria\OneDrive\Escritorio\Handout 4\ModulePhysics.cpp(392,13): warning C4244: 'inicializando': conversión de 'int' a 'float'; posible pérdida de datos
C:\Users\adria\OneDrive\Escritorio\Handout 4\ModulePhysics.cpp(398,27): warning C4244: 'return': conversión de 'float32' a 'int'; posible pérdida de datos
  ModuleSceneIntro.cpp
C:\Users\adria\OneDrive\Escritorio\Handout 4\ModuleSceneIntro.cpp(158,45): warning C4244: 'argumento': conversión de 'TYPE' a 'TYPE'; posible pérdida de datos
          with
          [
              TYPE=int
          ]
          and
          [
              TYPE=float
          ]
C:\Users\adria\OneDrive\Escritorio\Handout 4\ModuleSceneIntro.cpp(158,30): warning C4244: 'argumento': conversión de 'TYPE' a 'TYPE'; posible pérdida de datos
          with
          [
              TYPE=int
          ]
          and
          [
              TYPE=float
          ]
C:\Users\adria\OneDrive\Escritorio\Handout 4\ModuleSceneIntro.cpp(160,18): warning C4244: 'argumento': conversión de 'int' a 'float'; posible pérdida de datos
C:\Users\adria\OneDrive\Escritorio\Handout 4\ModuleSceneIntro.cpp(162,70): warning C4244: 'argumento': conversión de 'TYPE' a 'int'; posible pérdida de datos
          with
          [
              TYPE=float
          ]
C:\Users\adria\OneDrive\Escritorio\Handout 4\ModuleSceneIntro.cpp(162,47): warning C4244: 'argumento': conversión de 'TYPE' a 'int'; posible pérdida de datos
          with
          [
              TYPE=float
          ]
C:\Users\adria\OneDrive\Escritorio\Handout 4\ModuleSceneIntro.cpp(165,138): warning C4244: 'argumento': conversión de 'TYPE' a 'int'; posible pérdida de datos
          with
          [
              TYPE=float
          ]
C:\Users\adria\OneDrive\Escritorio\Handout 4\ModuleSceneIntro.cpp(165,96): warning C4244: 'argumento': conversión de 'TYPE' a 'int'; posible pérdida de datos
          with
          [
              TYPE=float
          ]
C:\Users\adria\OneDrive\Escritorio\Handout 4\ModuleSceneIntro.cpp(165,57): warning C4244: 'argumento': conversión de 'TYPE' a 'int'; posible pérdida de datos
          with
          [
              TYPE=float
          ]
C:\Users\adria\OneDrive\Escritorio\Handout 4\ModuleSceneIntro.cpp(165,34): warning C4244: 'argumento': conversión de 'TYPE' a 'int'; posible pérdida de datos
          with
          [
              TYPE=float
          ]
C:\Users\adria\OneDrive\Escritorio\Handout 4\ModuleSceneIntro.cpp(173,9): warning C4101: 'y': variable local sin referencia
C:\Users\adria\OneDrive\Escritorio\Handout 4\ModuleSceneIntro.cpp(173,6): warning C4101: 'x': variable local sin referencia
  Generando código...
  SDL Game.vcxproj -> C:\Users\adria\OneDrive\Escritorio\Handout 4\Debug\2D Physics - class 4.exe
